<?xml version="1.0" encoding="UTF-8"?>
<!-- Generated by org.testng.reporters.JUnitReportReporter -->
<testsuite hostname="QT-INBG-LT1066" failures="0" tests="2" name="CucumberOptions.TestNGRunner" time="0.354" errors="0" timestamp="2022-05-30T17:00:54 IST" skipped="0">
  <testcase classname="CucumberOptions.TestNGRunner" name="runScenario" time="0.028"/>
  <system-out/>
  <testcase classname="CucumberOptions.TestNGRunner" name="runScenario" time="0.326"/>
  <system-out/>
</testsuite> <!-- CucumberOptions.TestNGRunner -->
