<?xml version="1.0" encoding="UTF-8"?>
<!-- Generated by org.testng.reporters.JUnitReportReporter -->
<testsuite hostname="QT-INBG-LT1066" failures="0" tests="2" name="CucumberOptions.TestNGRunner" time="0.520" errors="0" timestamp="2022-05-27T13:40:23 IST" skipped="0">
  <testcase classname="CucumberOptions.TestNGRunner" name="runScenario" time="0.497"/>
  <system-out/>
  <testcase classname="CucumberOptions.TestNGRunner" name="runScenario" time="0.023"/>
  <system-out/>
</testsuite> <!-- CucumberOptions.TestNGRunner -->
